2024-08-19T08:53:15.859+08:00  INFO 5135 --- [restartedMain] com.example.demo.SampleWebApplication    : Starting SampleWebApplication using Java 17.0.6 with PID 5135 (/home/sam/IdeaProjects/SampleWeb/target/classes started by sam in /home/sam/IdeaProjects/SampleWeb)
2024-08-19T08:53:15.867+08:00 DEBUG 5135 --- [restartedMain] com.example.demo.SampleWebApplication    : Running with Spring Boot v3.0.2, Spring v6.0.4
2024-08-19T08:53:15.869+08:00  INFO 5135 --- [restartedMain] com.example.demo.SampleWebApplication    : No active profile set, falling back to 1 default profile: "default"
2024-08-19T08:53:16.101+08:00  INFO 5135 --- [restartedMain] .e.DevToolsPropertyDefaultsPostProcessor : Devtools property defaults active! Set 'spring.devtools.add-properties' to 'false' to disable
2024-08-19T08:53:16.102+08:00  INFO 5135 --- [restartedMain] .e.DevToolsPropertyDefaultsPostProcessor : For additional web related logging consider setting the 'logging.level.web' property to 'DEBUG'
2024-08-19T08:53:18.415+08:00  INFO 5135 --- [restartedMain] .s.d.r.c.RepositoryConfigurationDelegate : Bootstrapping Spring Data JPA repositories in DEFAULT mode.
2024-08-19T08:53:18.625+08:00  INFO 5135 --- [restartedMain] .s.d.r.c.RepositoryConfigurationDelegate : Finished Spring Data repository scanning in 190 ms. Found 2 JPA repository interfaces.
2024-08-19T08:53:20.770+08:00  INFO 5135 --- [restartedMain] o.s.b.w.embedded.tomcat.TomcatWebServer  : Tomcat initialized with port(s): 8080 (http)
2024-08-19T08:53:20.792+08:00  INFO 5135 --- [restartedMain] o.apache.catalina.core.StandardService   : Starting service [Tomcat]
2024-08-19T08:53:20.797+08:00  INFO 5135 --- [restartedMain] o.apache.catalina.core.StandardEngine    : Starting Servlet engine: [Apache Tomcat/10.1.5]
2024-08-19T08:53:20.992+08:00  INFO 5135 --- [restartedMain] o.a.c.c.C.[Tomcat].[localhost].[/]       : Initializing Spring embedded WebApplicationContext
2024-08-19T08:53:20.995+08:00  INFO 5135 --- [restartedMain] w.s.c.ServletWebServerApplicationContext : Root WebApplicationContext: initialization completed in 4892 ms
2024-08-19T08:53:21.598+08:00  INFO 5135 --- [restartedMain] o.hibernate.jpa.internal.util.LogHelper  : HHH000204: Processing PersistenceUnitInfo [name: default]
2024-08-19T08:53:21.849+08:00  INFO 5135 --- [restartedMain] org.hibernate.Version                    : HHH000412: Hibernate ORM core version 6.1.6.Final
2024-08-19T08:53:22.435+08:00  WARN 5135 --- [restartedMain] org.hibernate.orm.deprecation            : HHH90000021: Encountered deprecated setting [javax.persistence.sharedCache.mode], use [jakarta.persistence.sharedCache.mode] instead
2024-08-19T08:53:22.728+08:00  INFO 5135 --- [restartedMain] com.zaxxer.hikari.HikariDataSource       : HikariPool-1 - Starting...
2024-08-19T08:53:23.698+08:00  INFO 5135 --- [restartedMain] com.zaxxer.hikari.pool.HikariPool        : HikariPool-1 - Added connection com.mysql.cj.jdbc.ConnectionImpl@6d0478bb
2024-08-19T08:53:23.703+08:00  INFO 5135 --- [restartedMain] com.zaxxer.hikari.HikariDataSource       : HikariPool-1 - Start completed.
2024-08-19T08:53:23.832+08:00  INFO 5135 --- [restartedMain] SQL dialect                              : HHH000400: Using dialect: org.hibernate.dialect.MySQLDialect
2024-08-19T08:53:28.044+08:00  INFO 5135 --- [restartedMain] o.h.e.t.j.p.i.JtaPlatformInitiator       : HHH000490: Using JtaPlatform implementation: [org.hibernate.engine.transaction.jta.platform.internal.NoJtaPlatform]
2024-08-19T08:53:28.099+08:00  INFO 5135 --- [restartedMain] j.LocalContainerEntityManagerFactoryBean : Initialized JPA EntityManagerFactory for persistence unit 'default'
2024-08-19T08:53:30.453+08:00  WARN 5135 --- [restartedMain] ocalVariableTableParameterNameDiscoverer : Using deprecated '-debug' fallback for parameter name resolution. Compile the affected code with '-parameters' instead or avoid its introspection: com.example.demo.repository.UserInfoRepository
2024-08-19T08:53:31.261+08:00  WARN 5135 --- [restartedMain] ocalVariableTableParameterNameDiscoverer : Using deprecated '-debug' fallback for parameter name resolution. Compile the affected code with '-parameters' instead or avoid its introspection: com.example.demo.repository.MerchandiseInfoRepository
2024-08-19T08:53:31.327+08:00  INFO 5135 --- [restartedMain] c.g.dozermapper.core.util.RuntimeUtils   : OSGi support is false
2024-08-19T08:53:31.348+08:00  INFO 5135 --- [restartedMain] c.g.d.core.DozerBeanMapperBuilder        : Initializing Dozer. Version: 7.0.0, Thread Name: restartedMain
2024-08-19T08:53:31.358+08:00  INFO 5135 --- [restartedMain] d.c.c.r.LegacyPropertiesSettingsResolver : Trying to find Dozer configuration file: dozer.properties
2024-08-19T08:53:31.364+08:00  INFO 5135 --- [restartedMain] d.c.c.r.LegacyPropertiesSettingsResolver : Failed to find dozer.properties via com.github.dozermapper.core.config.resolvers.LegacyPropertiesSettingsResolver.
2024-08-19T08:53:31.373+08:00  INFO 5135 --- [restartedMain] c.g.d.core.el.ELExpressionFactory        : jakarta.el is not supported; Failed to resolve ExpressionFactory, com.sun.el.ExpressionFactoryImpl
2024-08-19T08:53:32.958+08:00  INFO 5135 --- [restartedMain] o.s.b.a.w.s.WelcomePageHandlerMapping    : Adding welcome page: class path resource [static/index.html]
2024-08-19T08:53:34.133+08:00  INFO 5135 --- [restartedMain] o.s.s.web.DefaultSecurityFilterChain     : Will secure any request with [org.springframework.security.web.session.DisableEncodeUrlFilter@19a03e33, org.springframework.security.web.context.request.async.WebAsyncManagerIntegrationFilter@3c4fd76f, org.springframework.security.web.context.SecurityContextHolderFilter@258a6e17, org.springframework.security.web.header.HeaderWriterFilter@6928d68b, org.springframework.security.web.csrf.CsrfFilter@66ac4809, org.springframework.security.web.authentication.logout.LogoutFilter@3be59bea, org.springframework.security.web.authentication.UsernamePasswordAuthenticationFilter@29618108, org.springframework.security.web.savedrequest.RequestCacheAwareFilter@21d10c5e, org.springframework.security.web.servletapi.SecurityContextHolderAwareRequestFilter@488f70f0, org.springframework.security.web.authentication.AnonymousAuthenticationFilter@1983782f, org.springframework.security.web.access.ExceptionTranslationFilter@43f76a08, org.springframework.security.web.access.intercept.AuthorizationFilter@66c86048]
2024-08-19T08:53:35.915+08:00  INFO 5135 --- [restartedMain] o.s.b.d.a.OptionalLiveReloadServer       : LiveReload server is running on port 35729
2024-08-19T08:53:36.349+08:00  INFO 5135 --- [restartedMain] o.s.b.w.embedded.tomcat.TomcatWebServer  : Tomcat started on port(s): 8080 (http) with context path ''
2024-08-19T08:53:36.413+08:00  INFO 5135 --- [restartedMain] com.example.demo.SampleWebApplication    : Started SampleWebApplication in 21.441 seconds (process running for 23.609)
2024-08-19T08:53:36.420+08:00  INFO 5135 --- [restartedMain] c.example.demo.data.SampleDataGenerator  : Loading Sample Data
2024-08-19T08:53:59.088+08:00  INFO 5135 --- [http-nio-8080-exec-1] o.a.c.c.C.[Tomcat].[localhost].[/]       : Initializing Spring DispatcherServlet 'dispatcherServlet'
2024-08-19T08:53:59.106+08:00  INFO 5135 --- [http-nio-8080-exec-1] o.s.web.servlet.DispatcherServlet        : Initializing Servlet 'dispatcherServlet'
2024-08-19T08:53:59.113+08:00  INFO 5135 --- [http-nio-8080-exec-1] o.s.web.servlet.DispatcherServlet        : Completed initialization in 6 ms
2024-08-19T08:56:10.989+08:00  INFO 5135 --- [File Watcher] rtingClassPathChangeChangedEventListener : Restarting due to 113 class path changes (0 additions, 83 deletions, 30 modifications)
2024-08-19T08:56:11.005+08:00  INFO 5135 --- [Thread-5] o.apache.catalina.core.StandardService   : Stopping service [Tomcat]
2024-08-19T08:56:11.011+08:00  INFO 5135 --- [Thread-5] o.a.c.c.C.[Tomcat].[localhost].[/]       : Destroying Spring FrameworkServlet 'dispatcherServlet'
2024-08-19T08:56:11.041+08:00  INFO 5135 --- [Thread-5] j.LocalContainerEntityManagerFactoryBean : Closing JPA EntityManagerFactory for persistence unit 'default'
2024-08-19T08:56:11.047+08:00  INFO 5135 --- [Thread-5] com.zaxxer.hikari.HikariDataSource       : HikariPool-1 - Shutdown initiated...
2024-08-19T08:56:11.063+08:00  INFO 5135 --- [Thread-5] com.zaxxer.hikari.HikariDataSource       : HikariPool-1 - Shutdown completed.
2024-08-19T08:56:11.243+08:00  INFO 5135 --- [restartedMain] com.example.demo.SampleWebApplication    : Starting SampleWebApplication using Java 17.0.6 with PID 5135 (/home/sam/IdeaProjects/SampleWeb/target/classes started by sam in /home/sam/IdeaProjects/SampleWeb)
2024-08-19T08:56:11.243+08:00 DEBUG 5135 --- [restartedMain] com.example.demo.SampleWebApplication    : Running with Spring Boot v3.0.2, Spring v6.0.4
2024-08-19T08:56:11.243+08:00  INFO 5135 --- [restartedMain] com.example.demo.SampleWebApplication    : No active profile set, falling back to 1 default profile: "default"
2024-08-19T08:56:11.734+08:00  INFO 5135 --- [restartedMain] .s.d.r.c.RepositoryConfigurationDelegate : Bootstrapping Spring Data JPA repositories in DEFAULT mode.
2024-08-19T08:56:11.736+08:00  INFO 5135 --- [restartedMain] .s.d.r.c.RepositoryConfigurationDelegate : Finished Spring Data repository scanning in 1 ms. Found 0 JPA repository interfaces.
2024-08-19T08:56:12.026+08:00  INFO 5135 --- [restartedMain] o.s.b.w.embedded.tomcat.TomcatWebServer  : Tomcat initialized with port(s): 8080 (http)
2024-08-19T08:56:12.029+08:00  INFO 5135 --- [restartedMain] o.apache.catalina.core.StandardService   : Starting service [Tomcat]
2024-08-19T08:56:12.030+08:00  INFO 5135 --- [restartedMain] o.apache.catalina.core.StandardEngine    : Starting Servlet engine: [Apache Tomcat/10.1.5]
2024-08-19T08:56:12.048+08:00  INFO 5135 --- [restartedMain] o.a.c.c.C.[Tomcat].[localhost].[/]       : Initializing Spring embedded WebApplicationContext
2024-08-19T08:56:12.049+08:00  INFO 5135 --- [restartedMain] w.s.c.ServletWebServerApplicationContext : Root WebApplicationContext: initialization completed in 802 ms
2024-08-19T08:56:12.146+08:00  INFO 5135 --- [restartedMain] o.hibernate.jpa.internal.util.LogHelper  : HHH000204: Processing PersistenceUnitInfo [name: default]
2024-08-19T08:56:12.153+08:00  WARN 5135 --- [restartedMain] org.hibernate.orm.deprecation            : HHH90000021: Encountered deprecated setting [javax.persistence.sharedCache.mode], use [jakarta.persistence.sharedCache.mode] instead
2024-08-19T08:56:12.160+08:00  INFO 5135 --- [restartedMain] com.zaxxer.hikari.HikariDataSource       : HikariPool-2 - Starting...
2024-08-19T08:56:12.191+08:00  INFO 5135 --- [restartedMain] com.zaxxer.hikari.pool.HikariPool        : HikariPool-2 - Added connection com.mysql.cj.jdbc.ConnectionImpl@34e2d78d
2024-08-19T08:56:12.191+08:00  INFO 5135 --- [restartedMain] com.zaxxer.hikari.HikariDataSource       : HikariPool-2 - Start completed.
2024-08-19T08:56:12.194+08:00  INFO 5135 --- [restartedMain] SQL dialect                              : HHH000400: Using dialect: org.hibernate.dialect.MySQLDialect
2024-08-19T08:56:12.211+08:00  INFO 5135 --- [restartedMain] o.h.e.t.j.p.i.JtaPlatformInitiator       : HHH000490: Using JtaPlatform implementation: [org.hibernate.engine.transaction.jta.platform.internal.NoJtaPlatform]
2024-08-19T08:56:12.211+08:00  INFO 5135 --- [restartedMain] j.LocalContainerEntityManagerFactoryBean : Initialized JPA EntityManagerFactory for persistence unit 'default'
2024-08-19T08:56:12.345+08:00  INFO 5135 --- [restartedMain] o.s.b.a.w.s.WelcomePageHandlerMapping    : Adding welcome page: class path resource [static/index.html]
2024-08-19T08:56:12.541+08:00  WARN 5135 --- [restartedMain] .s.s.UserDetailsServiceAutoConfiguration : 

Using generated security password: 1f080d25-8144-43ff-ab7b-c5ac09207821

This generated password is for development use only. Your security configuration must be updated before running your application in production.

2024-08-19T08:56:12.623+08:00  INFO 5135 --- [restartedMain] o.s.s.web.DefaultSecurityFilterChain     : Will secure any request with [org.springframework.security.web.session.DisableEncodeUrlFilter@2d35d500, org.springframework.security.web.context.request.async.WebAsyncManagerIntegrationFilter@b0a1fb6, org.springframework.security.web.context.SecurityContextHolderFilter@192bdd44, org.springframework.security.web.header.HeaderWriterFilter@27f0064d, org.springframework.security.web.csrf.CsrfFilter@629319f5, org.springframework.security.web.authentication.logout.LogoutFilter@3925a00d, org.springframework.security.web.authentication.UsernamePasswordAuthenticationFilter@321f0d8f, org.springframework.security.web.authentication.ui.DefaultLoginPageGeneratingFilter@176113d1, org.springframework.security.web.authentication.ui.DefaultLogoutPageGeneratingFilter@21a0d827, org.springframework.security.web.authentication.www.BasicAuthenticationFilter@5f8f24c1, org.springframework.security.web.savedrequest.RequestCacheAwareFilter@638d2325, org.springframework.security.web.servletapi.SecurityContextHolderAwareRequestFilter@3004a9f2, org.springframework.security.web.authentication.AnonymousAuthenticationFilter@7af49fe, org.springframework.security.web.access.ExceptionTranslationFilter@1b390c7a, org.springframework.security.web.access.intercept.AuthorizationFilter@5fd1f9a5]
2024-08-19T08:56:12.658+08:00  INFO 5135 --- [restartedMain] o.s.b.d.a.OptionalLiveReloadServer       : LiveReload server is running on port 35729
2024-08-19T08:56:12.721+08:00  INFO 5135 --- [restartedMain] o.s.b.w.embedded.tomcat.TomcatWebServer  : Tomcat started on port(s): 8080 (http) with context path ''
2024-08-19T08:56:12.731+08:00  INFO 5135 --- [restartedMain] com.example.demo.SampleWebApplication    : Started SampleWebApplication in 1.548 seconds (process running for 179.928)
2024-08-19T08:56:12.743+08:00  INFO 5135 --- [restartedMain] .ConditionEvaluationDeltaLoggingListener : Condition evaluation delta:


==========================
CONDITION EVALUATION DELTA
==========================


Positive matches:
-----------------

   SpringBootWebSecurityConfiguration.SecurityFilterChainConfiguration matched:
      - AllNestedConditions 2 matched 0 did not; NestedCondition on DefaultWebSecurityCondition.Beans @ConditionalOnMissingBean (types: org.springframework.security.web.SecurityFilterChain; SearchStrategy: all) did not find any beans; NestedCondition on DefaultWebSecurityCondition.Classes @ConditionalOnClass found required classes 'org.springframework.security.web.SecurityFilterChain', 'org.springframework.security.config.annotation.web.builders.HttpSecurity' (DefaultWebSecurityCondition)

   SpringBootWebSecurityConfiguration.WebSecurityEnablerConfiguration matched:
      - @ConditionalOnClass found required class 'org.springframework.security.config.annotation.web.configuration.EnableWebSecurity' (OnClassCondition)
      - @ConditionalOnMissingBean (names: springSecurityFilterChain; SearchStrategy: all) did not find any beans (OnBeanCondition)

   UserDetailsServiceAutoConfiguration matched:
      - @ConditionalOnClass found required class 'org.springframework.security.authentication.AuthenticationManager' (OnClassCondition)
      - @ConditionalOnBean (types: org.springframework.security.config.annotation.ObjectPostProcessor; SearchStrategy: all) found bean 'objectPostProcessor'; @ConditionalOnMissingBean (types: org.springframework.security.authentication.AuthenticationManager,org.springframework.security.authentication.AuthenticationProvider,org.springframework.security.core.userdetails.UserDetailsService,org.springframework.security.authentication.AuthenticationManagerResolver,org.springframework.security.oauth2.jwt.JwtDecoder,org.springframework.security.oauth2.server.resource.introspection.OpaqueTokenIntrospector,org.springframework.security.oauth2.client.registration.ClientRegistrationRepository,org.springframework.security.saml2.provider.service.registration.RelyingPartyRegistrationRepository; SearchStrategy: all) did not find any beans (OnBeanCondition)


Negative matches:
-----------------

    None


Exclusions:
-----------

    None


Unconditional classes:
----------------------

    None



2024-08-19T08:56:13.185+08:00  INFO 5135 --- [http-nio-8080-exec-1] o.a.c.c.C.[Tomcat].[localhost].[/]       : Initializing Spring DispatcherServlet 'dispatcherServlet'
2024-08-19T08:56:13.186+08:00  INFO 5135 --- [http-nio-8080-exec-1] o.s.web.servlet.DispatcherServlet        : Initializing Servlet 'dispatcherServlet'
2024-08-19T08:56:13.187+08:00  INFO 5135 --- [http-nio-8080-exec-1] o.s.web.servlet.DispatcherServlet        : Completed initialization in 1 ms
2024-08-19T08:56:21.494+08:00  INFO 5135 --- [File Watcher] rtingClassPathChangeChangedEventListener : Restarting due to 83 class path changes (83 additions, 0 deletions, 0 modifications)
2024-08-19T08:56:21.509+08:00  INFO 5135 --- [Thread-7] o.apache.catalina.core.StandardService   : Stopping service [Tomcat]
2024-08-19T08:56:21.517+08:00  INFO 5135 --- [Thread-7] o.a.c.c.C.[Tomcat].[localhost].[/]       : Destroying Spring FrameworkServlet 'dispatcherServlet'
2024-08-19T08:56:21.534+08:00  INFO 5135 --- [Thread-7] j.LocalContainerEntityManagerFactoryBean : Closing JPA EntityManagerFactory for persistence unit 'default'
2024-08-19T08:56:21.535+08:00  INFO 5135 --- [Thread-7] com.zaxxer.hikari.HikariDataSource       : HikariPool-2 - Shutdown initiated...
2024-08-19T08:56:21.557+08:00  INFO 5135 --- [Thread-7] com.zaxxer.hikari.HikariDataSource       : HikariPool-2 - Shutdown completed.
2024-08-19T08:56:21.887+08:00  INFO 5135 --- [restartedMain] com.example.demo.SampleWebApplication    : Starting SampleWebApplication using Java 17.0.6 with PID 5135 (/home/sam/IdeaProjects/SampleWeb/target/classes started by sam in /home/sam/IdeaProjects/SampleWeb)
2024-08-19T08:56:21.888+08:00 DEBUG 5135 --- [restartedMain] com.example.demo.SampleWebApplication    : Running with Spring Boot v3.0.2, Spring v6.0.4
2024-08-19T08:56:21.888+08:00  INFO 5135 --- [restartedMain] com.example.demo.SampleWebApplication    : No active profile set, falling back to 1 default profile: "default"
2024-08-19T08:56:22.624+08:00  INFO 5135 --- [restartedMain] .s.d.r.c.RepositoryConfigurationDelegate : Bootstrapping Spring Data JPA repositories in DEFAULT mode.
2024-08-19T08:56:22.676+08:00  INFO 5135 --- [restartedMain] .s.d.r.c.RepositoryConfigurationDelegate : Finished Spring Data repository scanning in 51 ms. Found 2 JPA repository interfaces.
2024-08-19T08:56:23.127+08:00  INFO 5135 --- [restartedMain] o.s.b.w.embedded.tomcat.TomcatWebServer  : Tomcat initialized with port(s): 8080 (http)
2024-08-19T08:56:23.128+08:00  INFO 5135 --- [restartedMain] o.apache.catalina.core.StandardService   : Starting service [Tomcat]
2024-08-19T08:56:23.129+08:00  INFO 5135 --- [restartedMain] o.apache.catalina.core.StandardEngine    : Starting Servlet engine: [Apache Tomcat/10.1.5]
2024-08-19T08:56:23.152+08:00  INFO 5135 --- [restartedMain] o.a.c.c.C.[Tomcat].[localhost].[/]       : Initializing Spring embedded WebApplicationContext
2024-08-19T08:56:23.153+08:00  INFO 5135 --- [restartedMain] w.s.c.ServletWebServerApplicationContext : Root WebApplicationContext: initialization completed in 1261 ms
2024-08-19T08:56:23.336+08:00  INFO 5135 --- [restartedMain] o.hibernate.jpa.internal.util.LogHelper  : HHH000204: Processing PersistenceUnitInfo [name: default]
2024-08-19T08:56:23.343+08:00  WARN 5135 --- [restartedMain] org.hibernate.orm.deprecation            : HHH90000021: Encountered deprecated setting [javax.persistence.sharedCache.mode], use [jakarta.persistence.sharedCache.mode] instead
2024-08-19T08:56:23.351+08:00  INFO 5135 --- [restartedMain] com.zaxxer.hikari.HikariDataSource       : HikariPool-3 - Starting...
2024-08-19T08:56:23.381+08:00  INFO 5135 --- [restartedMain] com.zaxxer.hikari.pool.HikariPool        : HikariPool-3 - Added connection com.mysql.cj.jdbc.ConnectionImpl@2344db5b
2024-08-19T08:56:23.382+08:00  INFO 5135 --- [restartedMain] com.zaxxer.hikari.HikariDataSource       : HikariPool-3 - Start completed.
2024-08-19T08:56:23.385+08:00  INFO 5135 --- [restartedMain] SQL dialect                              : HHH000400: Using dialect: org.hibernate.dialect.MySQLDialect
2024-08-19T08:56:23.624+08:00  INFO 5135 --- [restartedMain] o.h.e.t.j.p.i.JtaPlatformInitiator       : HHH000490: Using JtaPlatform implementation: [org.hibernate.engine.transaction.jta.platform.internal.NoJtaPlatform]
2024-08-19T08:56:23.625+08:00  INFO 5135 --- [restartedMain] j.LocalContainerEntityManagerFactoryBean : Initialized JPA EntityManagerFactory for persistence unit 'default'
2024-08-19T08:56:23.901+08:00  WARN 5135 --- [restartedMain] ocalVariableTableParameterNameDiscoverer : Using deprecated '-debug' fallback for parameter name resolution. Compile the affected code with '-parameters' instead or avoid its introspection: com.example.demo.repository.UserInfoRepository
2024-08-19T08:56:24.046+08:00  WARN 5135 --- [restartedMain] ocalVariableTableParameterNameDiscoverer : Using deprecated '-debug' fallback for parameter name resolution. Compile the affected code with '-parameters' instead or avoid its introspection: com.example.demo.repository.MerchandiseInfoRepository
2024-08-19T08:56:24.068+08:00  INFO 5135 --- [restartedMain] c.g.d.core.DozerBeanMapperBuilder        : Initializing Dozer. Version: 7.0.0, Thread Name: restartedMain
2024-08-19T08:56:24.071+08:00  INFO 5135 --- [restartedMain] d.c.c.r.LegacyPropertiesSettingsResolver : Trying to find Dozer configuration file: dozer.properties
2024-08-19T08:56:24.072+08:00  INFO 5135 --- [restartedMain] d.c.c.r.LegacyPropertiesSettingsResolver : Failed to find dozer.properties via com.github.dozermapper.core.config.resolvers.LegacyPropertiesSettingsResolver.
2024-08-19T08:56:24.557+08:00  INFO 5135 --- [restartedMain] o.s.b.a.w.s.WelcomePageHandlerMapping    : Adding welcome page: class path resource [static/index.html]
2024-08-19T08:56:24.864+08:00  INFO 5135 --- [restartedMain] o.s.s.web.DefaultSecurityFilterChain     : Will secure any request with [org.springframework.security.web.session.DisableEncodeUrlFilter@3fac299e, org.springframework.security.web.context.request.async.WebAsyncManagerIntegrationFilter@2916973b, org.springframework.security.web.context.SecurityContextHolderFilter@1e29840f, org.springframework.security.web.header.HeaderWriterFilter@49a6118a, org.springframework.security.web.csrf.CsrfFilter@40801d2c, org.springframework.security.web.authentication.logout.LogoutFilter@7d80f535, org.springframework.security.web.authentication.UsernamePasswordAuthenticationFilter@45ff5549, org.springframework.security.web.savedrequest.RequestCacheAwareFilter@5e80839b, org.springframework.security.web.servletapi.SecurityContextHolderAwareRequestFilter@56887437, org.springframework.security.web.authentication.AnonymousAuthenticationFilter@4d6a6623, org.springframework.security.web.access.ExceptionTranslationFilter@2fe4fc80, org.springframework.security.web.access.intercept.AuthorizationFilter@327adc56]
2024-08-19T08:56:25.330+08:00  INFO 5135 --- [restartedMain] o.s.b.d.a.OptionalLiveReloadServer       : LiveReload server is running on port 35729
2024-08-19T08:56:25.366+08:00  INFO 5135 --- [restartedMain] o.s.b.w.embedded.tomcat.TomcatWebServer  : Tomcat started on port(s): 8080 (http) with context path ''
2024-08-19T08:56:25.380+08:00  INFO 5135 --- [restartedMain] com.example.demo.SampleWebApplication    : Started SampleWebApplication in 3.596 seconds (process running for 192.577)
2024-08-19T08:56:25.383+08:00  INFO 5135 --- [restartedMain] c.example.demo.data.SampleDataGenerator  : Loading Sample Data
2024-08-19T08:56:25.387+08:00  INFO 5135 --- [restartedMain] .ConditionEvaluationDeltaLoggingListener : Condition evaluation delta:


==========================
CONDITION EVALUATION DELTA
==========================


Positive matches:
-----------------

    None


Negative matches:
-----------------

   SpringBootWebSecurityConfiguration.SecurityFilterChainConfiguration:
      Did not match:
         - AllNestedConditions 1 matched 1 did not; NestedCondition on DefaultWebSecurityCondition.Beans @ConditionalOnMissingBean (types: org.springframework.security.web.SecurityFilterChain; SearchStrategy: all) found beans of type 'org.springframework.security.web.SecurityFilterChain' securityFilterChain; NestedCondition on DefaultWebSecurityCondition.Classes @ConditionalOnClass found required classes 'org.springframework.security.web.SecurityFilterChain', 'org.springframework.security.config.annotation.web.builders.HttpSecurity' (DefaultWebSecurityCondition)

   SpringBootWebSecurityConfiguration.WebSecurityEnablerConfiguration:
      Did not match:
         - @ConditionalOnMissingBean (names: springSecurityFilterChain; SearchStrategy: all) found beans named springSecurityFilterChain (OnBeanCondition)
      Matched:
         - @ConditionalOnClass found required class 'org.springframework.security.config.annotation.web.configuration.EnableWebSecurity' (OnClassCondition)

   UserDetailsServiceAutoConfiguration:
      Did not match:
         - @ConditionalOnMissingBean (types: org.springframework.security.authentication.AuthenticationManager,org.springframework.security.authentication.AuthenticationProvider,org.springframework.security.core.userdetails.UserDetailsService,org.springframework.security.authentication.AuthenticationManagerResolver,org.springframework.security.oauth2.jwt.JwtDecoder,org.springframework.security.oauth2.server.resource.introspection.OpaqueTokenIntrospector,org.springframework.security.oauth2.client.registration.ClientRegistrationRepository,org.springframework.security.saml2.provider.service.registration.RelyingPartyRegistrationRepository; SearchStrategy: all) found beans of type 'org.springframework.security.core.userdetails.UserDetailsService' userDetailServiceImpl and found beans of type 'org.springframework.security.authentication.AuthenticationProvider' daoAuthenticationProvider (OnBeanCondition)
      Matched:
         - @ConditionalOnClass found required class 'org.springframework.security.authentication.AuthenticationManager' (OnClassCondition)


Exclusions:
-----------

    None


Unconditional classes:
----------------------

    None



2024-08-19T08:56:29.694+08:00  INFO 5135 --- [http-nio-8080-exec-1] o.a.c.c.C.[Tomcat].[localhost].[/]       : Initializing Spring DispatcherServlet 'dispatcherServlet'
2024-08-19T08:56:29.694+08:00  INFO 5135 --- [http-nio-8080-exec-1] o.s.web.servlet.DispatcherServlet        : Initializing Servlet 'dispatcherServlet'
2024-08-19T08:56:29.713+08:00  INFO 5135 --- [http-nio-8080-exec-1] o.s.web.servlet.DispatcherServlet        : Completed initialization in 19 ms
2024-08-19T16:15:23.707+08:00  INFO 5135 --- [File Watcher] rtingClassPathChangeChangedEventListener : Restarting due to 1 class path change (0 additions, 0 deletions, 1 modification)
2024-08-19T16:15:23.969+08:00  INFO 5135 --- [Thread-11] o.apache.catalina.core.StandardService   : Stopping service [Tomcat]
2024-08-19T16:15:23.994+08:00  INFO 5135 --- [Thread-11] o.a.c.c.C.[Tomcat].[localhost].[/]       : Destroying Spring FrameworkServlet 'dispatcherServlet'
2024-08-19T16:15:24.150+08:00  INFO 5135 --- [Thread-11] j.LocalContainerEntityManagerFactoryBean : Closing JPA EntityManagerFactory for persistence unit 'default'
2024-08-19T16:15:24.242+08:00  INFO 5135 --- [Thread-11] com.zaxxer.hikari.HikariDataSource       : HikariPool-3 - Shutdown initiated...
2024-08-19T16:15:24.273+08:00  INFO 5135 --- [Thread-11] com.zaxxer.hikari.HikariDataSource       : HikariPool-3 - Shutdown completed.
2024-08-19T16:15:26.107+08:00  INFO 5135 --- [restartedMain] com.example.demo.SampleWebApplication    : Starting SampleWebApplication using Java 17.0.6 with PID 5135 (/home/sam/IdeaProjects/SampleWeb/target/classes started by sam in /home/sam/IdeaProjects/SampleWeb)
2024-08-19T16:15:26.108+08:00 DEBUG 5135 --- [restartedMain] com.example.demo.SampleWebApplication    : Running with Spring Boot v3.0.2, Spring v6.0.4
2024-08-19T16:15:26.108+08:00  INFO 5135 --- [restartedMain] com.example.demo.SampleWebApplication    : No active profile set, falling back to 1 default profile: "default"
2024-08-19T16:15:27.019+08:00  INFO 5135 --- [restartedMain] .s.d.r.c.RepositoryConfigurationDelegate : Bootstrapping Spring Data JPA repositories in DEFAULT mode.
2024-08-19T16:15:27.063+08:00  INFO 5135 --- [restartedMain] .s.d.r.c.RepositoryConfigurationDelegate : Finished Spring Data repository scanning in 42 ms. Found 2 JPA repository interfaces.
2024-08-19T16:15:27.569+08:00  INFO 5135 --- [restartedMain] o.s.b.w.embedded.tomcat.TomcatWebServer  : Tomcat initialized with port(s): 8080 (http)
2024-08-19T16:15:27.571+08:00  INFO 5135 --- [restartedMain] o.apache.catalina.core.StandardService   : Starting service [Tomcat]
2024-08-19T16:15:27.571+08:00  INFO 5135 --- [restartedMain] o.apache.catalina.core.StandardEngine    : Starting Servlet engine: [Apache Tomcat/10.1.5]
2024-08-19T16:15:27.592+08:00  INFO 5135 --- [restartedMain] o.a.c.c.C.[Tomcat].[localhost].[/]       : Initializing Spring embedded WebApplicationContext
2024-08-19T16:15:27.593+08:00  INFO 5135 --- [restartedMain] w.s.c.ServletWebServerApplicationContext : Root WebApplicationContext: initialization completed in 1471 ms
2024-08-19T16:15:27.807+08:00  INFO 5135 --- [restartedMain] o.hibernate.jpa.internal.util.LogHelper  : HHH000204: Processing PersistenceUnitInfo [name: default]
2024-08-19T16:15:27.824+08:00  WARN 5135 --- [restartedMain] org.hibernate.orm.deprecation            : HHH90000021: Encountered deprecated setting [javax.persistence.sharedCache.mode], use [jakarta.persistence.sharedCache.mode] instead
2024-08-19T16:15:27.844+08:00  INFO 5135 --- [restartedMain] com.zaxxer.hikari.HikariDataSource       : HikariPool-4 - Starting...
2024-08-19T16:15:27.890+08:00  INFO 5135 --- [restartedMain] com.zaxxer.hikari.pool.HikariPool        : HikariPool-4 - Added connection com.mysql.cj.jdbc.ConnectionImpl@32d3d7cc
2024-08-19T16:15:27.891+08:00  INFO 5135 --- [restartedMain] com.zaxxer.hikari.HikariDataSource       : HikariPool-4 - Start completed.
2024-08-19T16:15:27.898+08:00  INFO 5135 --- [restartedMain] SQL dialect                              : HHH000400: Using dialect: org.hibernate.dialect.MySQLDialect
2024-08-19T16:15:28.461+08:00  INFO 5135 --- [restartedMain] o.h.e.t.j.p.i.JtaPlatformInitiator       : HHH000490: Using JtaPlatform implementation: [org.hibernate.engine.transaction.jta.platform.internal.NoJtaPlatform]
2024-08-19T16:15:28.464+08:00  INFO 5135 --- [restartedMain] j.LocalContainerEntityManagerFactoryBean : Initialized JPA EntityManagerFactory for persistence unit 'default'
2024-08-19T16:15:28.684+08:00  WARN 5135 --- [restartedMain] ocalVariableTableParameterNameDiscoverer : Using deprecated '-debug' fallback for parameter name resolution. Compile the affected code with '-parameters' instead or avoid its introspection: com.example.demo.repository.UserInfoRepository
2024-08-19T16:15:28.818+08:00  WARN 5135 --- [restartedMain] ocalVariableTableParameterNameDiscoverer : Using deprecated '-debug' fallback for parameter name resolution. Compile the affected code with '-parameters' instead or avoid its introspection: com.example.demo.repository.MerchandiseInfoRepository
2024-08-19T16:15:28.837+08:00  INFO 5135 --- [restartedMain] c.g.d.core.DozerBeanMapperBuilder        : Initializing Dozer. Version: 7.0.0, Thread Name: restartedMain
2024-08-19T16:15:28.837+08:00  INFO 5135 --- [restartedMain] d.c.c.r.LegacyPropertiesSettingsResolver : Trying to find Dozer configuration file: dozer.properties
2024-08-19T16:15:28.838+08:00  INFO 5135 --- [restartedMain] d.c.c.r.LegacyPropertiesSettingsResolver : Failed to find dozer.properties via com.github.dozermapper.core.config.resolvers.LegacyPropertiesSettingsResolver.
2024-08-19T16:15:29.237+08:00  INFO 5135 --- [restartedMain] o.s.b.a.w.s.WelcomePageHandlerMapping    : Adding welcome page: class path resource [static/index.html]
2024-08-19T16:15:29.558+08:00  INFO 5135 --- [restartedMain] o.s.s.web.DefaultSecurityFilterChain     : Will secure any request with [org.springframework.security.web.session.DisableEncodeUrlFilter@1b850932, org.springframework.security.web.context.request.async.WebAsyncManagerIntegrationFilter@42dc2cc3, org.springframework.security.web.context.SecurityContextHolderFilter@290c91ea, org.springframework.security.web.header.HeaderWriterFilter@2a4bc82c, org.springframework.security.web.csrf.CsrfFilter@7ca94b63, org.springframework.security.web.authentication.logout.LogoutFilter@b489548, org.springframework.security.web.authentication.UsernamePasswordAuthenticationFilter@54a8243a, org.springframework.security.web.savedrequest.RequestCacheAwareFilter@1fc825fb, org.springframework.security.web.servletapi.SecurityContextHolderAwareRequestFilter@32787b68, org.springframework.security.web.authentication.AnonymousAuthenticationFilter@7e25ad9e, org.springframework.security.web.access.ExceptionTranslationFilter@491c803a, org.springframework.security.web.access.intercept.AuthorizationFilter@24230cda]
2024-08-19T16:15:30.032+08:00  INFO 5135 --- [restartedMain] o.s.b.d.a.OptionalLiveReloadServer       : LiveReload server is running on port 35729
2024-08-19T16:15:30.118+08:00  INFO 5135 --- [restartedMain] o.s.b.w.embedded.tomcat.TomcatWebServer  : Tomcat started on port(s): 8080 (http) with context path ''
2024-08-19T16:15:30.132+08:00  INFO 5135 --- [restartedMain] com.example.demo.SampleWebApplication    : Started SampleWebApplication in 4.191 seconds (process running for 26537.329)
2024-08-19T16:15:30.134+08:00  INFO 5135 --- [restartedMain] c.example.demo.data.SampleDataGenerator  : Loading Sample Data
2024-08-19T16:15:30.138+08:00  INFO 5135 --- [restartedMain] .ConditionEvaluationDeltaLoggingListener : Condition evaluation unchanged
2024-08-19T16:17:00.512+08:00  INFO 5135 --- [SpringApplicationShutdownHook] o.apache.catalina.core.StandardService   : Stopping service [Tomcat]
2024-08-19T16:17:00.534+08:00  INFO 5135 --- [SpringApplicationShutdownHook] j.LocalContainerEntityManagerFactoryBean : Closing JPA EntityManagerFactory for persistence unit 'default'
2024-08-19T16:17:00.538+08:00  INFO 5135 --- [SpringApplicationShutdownHook] com.zaxxer.hikari.HikariDataSource       : HikariPool-4 - Shutdown initiated...
2024-08-19T16:17:00.560+08:00  INFO 5135 --- [SpringApplicationShutdownHook] com.zaxxer.hikari.HikariDataSource       : HikariPool-4 - Shutdown completed.
2024-08-19T16:17:18.741+08:00  INFO 22264 --- [restartedMain] com.example.demo.SampleWebApplication    : Starting SampleWebApplication using Java 17.0.6 with PID 22264 (/home/sam/IdeaProjects/SampleWeb/target/classes started by sam in /home/sam/IdeaProjects/SampleWeb)
2024-08-19T16:17:18.745+08:00 DEBUG 22264 --- [restartedMain] com.example.demo.SampleWebApplication    : Running with Spring Boot v3.0.2, Spring v6.0.4
2024-08-19T16:17:18.775+08:00  INFO 22264 --- [restartedMain] com.example.demo.SampleWebApplication    : No active profile set, falling back to 1 default profile: "default"
2024-08-19T16:17:19.035+08:00  INFO 22264 --- [restartedMain] .e.DevToolsPropertyDefaultsPostProcessor : Devtools property defaults active! Set 'spring.devtools.add-properties' to 'false' to disable
2024-08-19T16:17:19.036+08:00  INFO 22264 --- [restartedMain] .e.DevToolsPropertyDefaultsPostProcessor : For additional web related logging consider setting the 'logging.level.web' property to 'DEBUG'
2024-08-19T16:17:21.164+08:00  INFO 22264 --- [restartedMain] .s.d.r.c.RepositoryConfigurationDelegate : Bootstrapping Spring Data JPA repositories in DEFAULT mode.
2024-08-19T16:17:21.469+08:00  INFO 22264 --- [restartedMain] .s.d.r.c.RepositoryConfigurationDelegate : Finished Spring Data repository scanning in 279 ms. Found 2 JPA repository interfaces.
2024-08-19T16:17:23.741+08:00  INFO 22264 --- [restartedMain] o.s.b.w.embedded.tomcat.TomcatWebServer  : Tomcat initialized with port(s): 8080 (http)
2024-08-19T16:17:23.765+08:00  INFO 22264 --- [restartedMain] o.apache.catalina.core.StandardService   : Starting service [Tomcat]
2024-08-19T16:17:23.767+08:00  INFO 22264 --- [restartedMain] o.apache.catalina.core.StandardEngine    : Starting Servlet engine: [Apache Tomcat/10.1.5]
2024-08-19T16:17:23.927+08:00  INFO 22264 --- [restartedMain] o.a.c.c.C.[Tomcat].[localhost].[/]       : Initializing Spring embedded WebApplicationContext
2024-08-19T16:17:23.927+08:00  INFO 22264 --- [restartedMain] w.s.c.ServletWebServerApplicationContext : Root WebApplicationContext: initialization completed in 4884 ms
2024-08-19T16:17:24.520+08:00  INFO 22264 --- [restartedMain] o.hibernate.jpa.internal.util.LogHelper  : HHH000204: Processing PersistenceUnitInfo [name: default]
2024-08-19T16:17:24.660+08:00  INFO 22264 --- [restartedMain] org.hibernate.Version                    : HHH000412: Hibernate ORM core version 6.1.6.Final
2024-08-19T16:17:25.137+08:00  WARN 22264 --- [restartedMain] org.hibernate.orm.deprecation            : HHH90000021: Encountered deprecated setting [javax.persistence.sharedCache.mode], use [jakarta.persistence.sharedCache.mode] instead
2024-08-19T16:17:25.474+08:00  INFO 22264 --- [restartedMain] com.zaxxer.hikari.HikariDataSource       : HikariPool-1 - Starting...
2024-08-19T16:17:26.243+08:00  INFO 22264 --- [restartedMain] com.zaxxer.hikari.pool.HikariPool        : HikariPool-1 - Added connection com.mysql.cj.jdbc.ConnectionImpl@470fcf90
2024-08-19T16:17:26.248+08:00  INFO 22264 --- [restartedMain] com.zaxxer.hikari.HikariDataSource       : HikariPool-1 - Start completed.
2024-08-19T16:17:26.434+08:00  INFO 22264 --- [restartedMain] SQL dialect                              : HHH000400: Using dialect: org.hibernate.dialect.MySQLDialect
2024-08-19T16:17:28.679+08:00  INFO 22264 --- [restartedMain] o.h.e.t.j.p.i.JtaPlatformInitiator       : HHH000490: Using JtaPlatform implementation: [org.hibernate.engine.transaction.jta.platform.internal.NoJtaPlatform]
2024-08-19T16:17:28.702+08:00  INFO 22264 --- [restartedMain] j.LocalContainerEntityManagerFactoryBean : Initialized JPA EntityManagerFactory for persistence unit 'default'
2024-08-19T16:17:29.225+08:00  WARN 22264 --- [restartedMain] ocalVariableTableParameterNameDiscoverer : Using deprecated '-debug' fallback for parameter name resolution. Compile the affected code with '-parameters' instead or avoid its introspection: com.example.demo.repository.UserInfoRepository
2024-08-19T16:17:29.460+08:00  WARN 22264 --- [restartedMain] ocalVariableTableParameterNameDiscoverer : Using deprecated '-debug' fallback for parameter name resolution. Compile the affected code with '-parameters' instead or avoid its introspection: com.example.demo.repository.MerchandiseInfoRepository
2024-08-19T16:17:29.486+08:00  INFO 22264 --- [restartedMain] c.g.dozermapper.core.util.RuntimeUtils   : OSGi support is false
2024-08-19T16:17:29.498+08:00  INFO 22264 --- [restartedMain] c.g.d.core.DozerBeanMapperBuilder        : Initializing Dozer. Version: 7.0.0, Thread Name: restartedMain
2024-08-19T16:17:29.507+08:00  INFO 22264 --- [restartedMain] d.c.c.r.LegacyPropertiesSettingsResolver : Trying to find Dozer configuration file: dozer.properties
2024-08-19T16:17:29.511+08:00  INFO 22264 --- [restartedMain] d.c.c.r.LegacyPropertiesSettingsResolver : Failed to find dozer.properties via com.github.dozermapper.core.config.resolvers.LegacyPropertiesSettingsResolver.
2024-08-19T16:17:29.517+08:00  INFO 22264 --- [restartedMain] c.g.d.core.el.ELExpressionFactory        : jakarta.el is not supported; Failed to resolve ExpressionFactory, com.sun.el.ExpressionFactoryImpl
2024-08-19T16:17:30.123+08:00  INFO 22264 --- [restartedMain] o.s.b.a.w.s.WelcomePageHandlerMapping    : Adding welcome page: class path resource [static/index.html]
2024-08-19T16:17:30.573+08:00  INFO 22264 --- [restartedMain] o.s.s.web.DefaultSecurityFilterChain     : Will secure any request with [org.springframework.security.web.session.DisableEncodeUrlFilter@462156a6, org.springframework.security.web.context.request.async.WebAsyncManagerIntegrationFilter@50e1b002, org.springframework.security.web.context.SecurityContextHolderFilter@211a92c6, org.springframework.security.web.header.HeaderWriterFilter@157756e5, org.springframework.security.web.csrf.CsrfFilter@7c49a876, org.springframework.security.web.authentication.logout.LogoutFilter@47aaf40e, org.springframework.security.web.authentication.UsernamePasswordAuthenticationFilter@67f5b955, org.springframework.security.web.savedrequest.RequestCacheAwareFilter@2ab770db, org.springframework.security.web.servletapi.SecurityContextHolderAwareRequestFilter@38dbbef0, org.springframework.security.web.authentication.AnonymousAuthenticationFilter@1a94845a, org.springframework.security.web.access.ExceptionTranslationFilter@7090b14e, org.springframework.security.web.access.intercept.AuthorizationFilter@35946848]
2024-08-19T16:17:31.135+08:00  INFO 22264 --- [restartedMain] o.s.b.d.a.OptionalLiveReloadServer       : LiveReload server is running on port 35729
2024-08-19T16:17:31.193+08:00  INFO 22264 --- [restartedMain] o.s.b.w.embedded.tomcat.TomcatWebServer  : Tomcat started on port(s): 8080 (http) with context path ''
2024-08-19T16:17:31.214+08:00  INFO 22264 --- [restartedMain] com.example.demo.SampleWebApplication    : Started SampleWebApplication in 14.16 seconds (process running for 16.568)
2024-08-19T16:17:31.220+08:00  INFO 22264 --- [restartedMain] c.example.demo.data.SampleDataGenerator  : Loading Sample Data
2024-08-19T16:17:40.550+08:00  INFO 22264 --- [http-nio-8080-exec-1] o.a.c.c.C.[Tomcat].[localhost].[/]       : Initializing Spring DispatcherServlet 'dispatcherServlet'
2024-08-19T16:17:40.553+08:00  INFO 22264 --- [http-nio-8080-exec-1] o.s.web.servlet.DispatcherServlet        : Initializing Servlet 'dispatcherServlet'
2024-08-19T16:17:40.557+08:00  INFO 22264 --- [http-nio-8080-exec-1] o.s.web.servlet.DispatcherServlet        : Completed initialization in 1 ms
2024-08-19T16:19:38.527+08:00  INFO 22264 --- [SpringApplicationShutdownHook] j.LocalContainerEntityManagerFactoryBean : Closing JPA EntityManagerFactory for persistence unit 'default'
2024-08-19T16:19:38.533+08:00  INFO 22264 --- [SpringApplicationShutdownHook] com.zaxxer.hikari.HikariDataSource       : HikariPool-1 - Shutdown initiated...
2024-08-19T16:19:38.549+08:00  INFO 22264 --- [SpringApplicationShutdownHook] com.zaxxer.hikari.HikariDataSource       : HikariPool-1 - Shutdown completed.
